d:\users\2409425\desktop\エッグランチャー2\エッグランチャー\shooting3d\x64\debug\vc143.pdb
d:\users\2409425\desktop\エッグランチャー2\エッグランチャー\shooting3d\x64\debug\vc143.idb
d:\users\2409425\desktop\エッグランチャー2\エッグランチャー\shooting3d\x64\debug\soundmaneger.obj
d:\users\2409425\desktop\エッグランチャー2\エッグランチャー\shooting3d\x64\debug\shotmaneger.obj
d:\users\2409425\desktop\エッグランチャー2\エッグランチャー\shooting3d\x64\debug\shot.obj
d:\users\2409425\desktop\エッグランチャー2\エッグランチャー\shooting3d\x64\debug\scenemaneger.obj
d:\users\2409425\desktop\エッグランチャー2\エッグランチャー\shooting3d\x64\debug\playscene.obj
d:\users\2409425\desktop\エッグランチャー2\エッグランチャー\shooting3d\x64\debug\player.obj
d:\users\2409425\desktop\エッグランチャー2\エッグランチャー\shooting3d\x64\debug\enemymaneger.obj
d:\users\2409425\desktop\エッグランチャー2\エッグランチャー\shooting3d\x64\debug\enemy.obj
d:\users\2409425\desktop\エッグランチャー2\エッグランチャー\shooting3d\x64\debug\collisionmaneger.obj
d:\users\2409425\desktop\エッグランチャー2\エッグランチャー\shooting3d\x64\debug\debugcamera.obj
d:\users\2409425\desktop\エッグランチャー2\エッグランチャー\shooting3d\x64\debug\cameramaneger.obj
d:\users\2409425\desktop\エッグランチャー2\エッグランチャー\shooting3d\x64\debug\camera.obj
d:\users\2409425\desktop\エッグランチャー2\エッグランチャー\shooting3d\x64\debug\kari.obj
d:\users\2409425\desktop\エッグランチャー2\エッグランチャー\shooting3d\x64\debug\background.obj
d:\users\2409425\desktop\エッグランチャー2\エッグランチャー\shooting3d\x64\debug\main.obj
d:\users\2409425\desktop\エッグランチャー2\エッグランチャー\shooting3d\x64\debug\input.obj
d:\users\2409425\desktop\エッグランチャー2\エッグランチャー\shooting3d\x64\debug\fps.obj
d:\users\2409425\desktop\エッグランチャー2\エッグランチャー\shooting3d\x64\debug\fade.obj
d:\users\2409425\desktop\エッグランチャー2\エッグランチャー\shooting3d\x64\debug\collision.obj
d:\users\2409425\desktop\エッグランチャー2\エッグランチャー\x64\debug\shooting3d.exe
d:\users\2409425\desktop\エッグランチャー2\エッグランチャー\x64\debug\shooting3d.pdb
d:\users\2409425\desktop\エッグランチャー2\エッグランチャー\shooting3d\x64\debug\shooting3d.ilk
d:\users\2409425\desktop\エッグランチャー2\エッグランチャー\shooting3d\x64\debug\shooting3d.tlog\cl.command.1.tlog
d:\users\2409425\desktop\エッグランチャー2\エッグランチャー\shooting3d\x64\debug\shooting3d.tlog\cl.items.tlog
d:\users\2409425\desktop\エッグランチャー2\エッグランチャー\shooting3d\x64\debug\shooting3d.tlog\cl.read.1.tlog
d:\users\2409425\desktop\エッグランチャー2\エッグランチャー\shooting3d\x64\debug\shooting3d.tlog\cl.write.1.tlog
d:\users\2409425\desktop\エッグランチャー2\エッグランチャー\shooting3d\x64\debug\shooting3d.tlog\link.command.1.tlog
d:\users\2409425\desktop\エッグランチャー2\エッグランチャー\shooting3d\x64\debug\shooting3d.tlog\link.read.1.tlog
d:\users\2409425\desktop\エッグランチャー2\エッグランチャー\shooting3d\x64\debug\shooting3d.tlog\link.secondary.1.tlog
d:\users\2409425\desktop\エッグランチャー2\エッグランチャー\shooting3d\x64\debug\shooting3d.tlog\link.write.1.tlog
